2024-11-13 08:11:15.726 [info] Extension host with pid 50 started
2024-11-13 08:11:15.753 [info] Lock '/home/coder/.local/share/code-server/User/workspaceStorage/3e9b14db/vscode.lock': Lock acquired.
2024-11-13 08:11:15.899 [info] ExtensionService#_doActivateExtension vscode.git-base, startup: true, activationEvent: '*', root cause: vscode.git
2024-11-13 08:11:15.987 [info] ExtensionService#_doActivateExtension vscode.git, startup: true, activationEvent: '*'
2024-11-13 08:11:15.988 [info] ExtensionService#_doActivateExtension vscode.github, startup: true, activationEvent: '*'
2024-11-13 08:11:16.518 [info] Eager extensions activated
2024-11-13 08:11:16.518 [info] ExtensionService#_doActivateExtension vscode.debug-auto-launch, startup: false, activationEvent: 'onStartupFinished'
2024-11-13 08:11:16.519 [info] ExtensionService#_doActivateExtension vscode.merge-conflict, startup: false, activationEvent: 'onStartupFinished'
2024-11-13 08:11:39.243 [info] ExtensionService#_doActivateExtension vscode.emmet, startup: false, activationEvent: 'onLanguage'
2024-11-13 08:23:08.438 [info] ExtensionService#_doActivateExtension vscode.tunnel-forwarding, startup: false, activationEvent: 'onTunnel'
2024-11-13 08:23:15.339 [info] ExtensionService#_doActivateExtension vscode.simple-browser, startup: false, activationEvent: 'onOpenExternalUri:https'
2024-11-13 08:55:59.739 [error] Error: No such branch: master.
	at F.getBranch (/usr/lib/code-server/lib/vscode/extensions/git/dist/main.js:2:935457)
	at async T.retryRun (/usr/lib/code-server/lib/vscode/extensions/git/dist/main.js:2:1028191)
	at async T.run (/usr/lib/code-server/lib/vscode/extensions/git/dist/main.js:2:1027795)
	at async T.getBranch (/usr/lib/code-server/lib/vscode/extensions/git/dist/main.js:2:1016176)
	at async T.getBranchBase (/usr/lib/code-server/lib/vscode/extensions/git/dist/main.js:2:1016462)
	at async t.GitHistoryProvider.resolveHEADMergeBase (/usr/lib/code-server/lib/vscode/extensions/git/dist/main.js:2:945925)
	at async t.GitHistoryProvider.onDidRunGitStatus (/usr/lib/code-server/lib/vscode/extensions/git/dist/main.js:2:940157)
2024-11-13 08:55:59.793 [error] Error: No such branch: master.
	at F.getBranch (/usr/lib/code-server/lib/vscode/extensions/git/dist/main.js:2:935457)
	at process.processTicksAndRejections (node:internal/process/task_queues:95:5)
	at async T.retryRun (/usr/lib/code-server/lib/vscode/extensions/git/dist/main.js:2:1028191)
	at async T.run (/usr/lib/code-server/lib/vscode/extensions/git/dist/main.js:2:1027795)
	at async T.getBranch (/usr/lib/code-server/lib/vscode/extensions/git/dist/main.js:2:1016176)
	at async T.getBranchBase (/usr/lib/code-server/lib/vscode/extensions/git/dist/main.js:2:1016462)
	at async t.GitHistoryProvider.resolveHEADMergeBase (/usr/lib/code-server/lib/vscode/extensions/git/dist/main.js:2:945925)
	at async t.GitHistoryProvider.onDidRunGitStatus (/usr/lib/code-server/lib/vscode/extensions/git/dist/main.js:2:940157)
2024-11-13 08:56:03.557 [error] Error: No such branch: master.
	at F.getBranch (/usr/lib/code-server/lib/vscode/extensions/git/dist/main.js:2:935457)
	at process.processTicksAndRejections (node:internal/process/task_queues:95:5)
	at async T.retryRun (/usr/lib/code-server/lib/vscode/extensions/git/dist/main.js:2:1028191)
	at async T.run (/usr/lib/code-server/lib/vscode/extensions/git/dist/main.js:2:1027795)
	at async T.getBranch (/usr/lib/code-server/lib/vscode/extensions/git/dist/main.js:2:1016176)
	at async T.getBranchBase (/usr/lib/code-server/lib/vscode/extensions/git/dist/main.js:2:1016462)
	at async t.GitHistoryProvider.resolveHEADMergeBase (/usr/lib/code-server/lib/vscode/extensions/git/dist/main.js:2:945925)
	at async t.GitHistoryProvider.onDidRunGitStatus (/usr/lib/code-server/lib/vscode/extensions/git/dist/main.js:2:940157)
2024-11-13 08:56:25.277 [error] Error: No such branch: master.
	at F.getBranch (/usr/lib/code-server/lib/vscode/extensions/git/dist/main.js:2:935457)
	at process.processTicksAndRejections (node:internal/process/task_queues:95:5)
	at async T.retryRun (/usr/lib/code-server/lib/vscode/extensions/git/dist/main.js:2:1028191)
	at async T.run (/usr/lib/code-server/lib/vscode/extensions/git/dist/main.js:2:1027795)
	at async T.getBranch (/usr/lib/code-server/lib/vscode/extensions/git/dist/main.js:2:1016176)
	at async T.getBranchBase (/usr/lib/code-server/lib/vscode/extensions/git/dist/main.js:2:1016462)
	at async t.GitHistoryProvider.resolveHEADMergeBase (/usr/lib/code-server/lib/vscode/extensions/git/dist/main.js:2:945925)
	at async t.GitHistoryProvider.onDidRunGitStatus (/usr/lib/code-server/lib/vscode/extensions/git/dist/main.js:2:940157)
2024-11-13 08:56:26.349 [info] ExtensionService#_doActivateExtension vscode.npm, startup: false, activationEvent: 'onTerminalQuickFixRequest:ms-vscode.npm-command'
2024-11-13 08:56:30.338 [error] Error: No such branch: main.
	at F.getBranch (/usr/lib/code-server/lib/vscode/extensions/git/dist/main.js:2:935457)
	at async T.retryRun (/usr/lib/code-server/lib/vscode/extensions/git/dist/main.js:2:1028191)
	at async T.run (/usr/lib/code-server/lib/vscode/extensions/git/dist/main.js:2:1027795)
	at async T.getBranch (/usr/lib/code-server/lib/vscode/extensions/git/dist/main.js:2:1016176)
	at async T.getBranchBase (/usr/lib/code-server/lib/vscode/extensions/git/dist/main.js:2:1016462)
	at async t.GitHistoryProvider.resolveHEADMergeBase (/usr/lib/code-server/lib/vscode/extensions/git/dist/main.js:2:945925)
	at async t.GitHistoryProvider.onDidRunGitStatus (/usr/lib/code-server/lib/vscode/extensions/git/dist/main.js:2:940157)
2024-11-13 08:56:38.070 [error] Error: No such branch: main.
	at F.getBranch (/usr/lib/code-server/lib/vscode/extensions/git/dist/main.js:2:935457)
	at process.processTicksAndRejections (node:internal/process/task_queues:95:5)
	at async T.retryRun (/usr/lib/code-server/lib/vscode/extensions/git/dist/main.js:2:1028191)
	at async T.run (/usr/lib/code-server/lib/vscode/extensions/git/dist/main.js:2:1027795)
	at async T.getBranch (/usr/lib/code-server/lib/vscode/extensions/git/dist/main.js:2:1016176)
	at async T.getBranchBase (/usr/lib/code-server/lib/vscode/extensions/git/dist/main.js:2:1016462)
	at async t.GitHistoryProvider.resolveHEADMergeBase (/usr/lib/code-server/lib/vscode/extensions/git/dist/main.js:2:945925)
	at async t.GitHistoryProvider.onDidRunGitStatus (/usr/lib/code-server/lib/vscode/extensions/git/dist/main.js:2:940157)
2024-11-13 08:56:43.131 [error] Error: No such branch: main.
	at F.getBranch (/usr/lib/code-server/lib/vscode/extensions/git/dist/main.js:2:935457)
	at process.processTicksAndRejections (node:internal/process/task_queues:95:5)
	at async T.retryRun (/usr/lib/code-server/lib/vscode/extensions/git/dist/main.js:2:1028191)
	at async T.run (/usr/lib/code-server/lib/vscode/extensions/git/dist/main.js:2:1027795)
	at async T.getBranch (/usr/lib/code-server/lib/vscode/extensions/git/dist/main.js:2:1016176)
	at async T.getBranchBase (/usr/lib/code-server/lib/vscode/extensions/git/dist/main.js:2:1016462)
	at async t.GitHistoryProvider.resolveHEADMergeBase (/usr/lib/code-server/lib/vscode/extensions/git/dist/main.js:2:945925)
	at async t.GitHistoryProvider.onDidRunGitStatus (/usr/lib/code-server/lib/vscode/extensions/git/dist/main.js:2:940157)
2024-11-13 08:56:53.245 [error] Error: No such branch: main.
	at F.getBranch (/usr/lib/code-server/lib/vscode/extensions/git/dist/main.js:2:935457)
	at process.processTicksAndRejections (node:internal/process/task_queues:95:5)
	at async T.retryRun (/usr/lib/code-server/lib/vscode/extensions/git/dist/main.js:2:1028191)
	at async T.run (/usr/lib/code-server/lib/vscode/extensions/git/dist/main.js:2:1027795)
	at async T.getBranch (/usr/lib/code-server/lib/vscode/extensions/git/dist/main.js:2:1016176)
	at async T.getBranchBase (/usr/lib/code-server/lib/vscode/extensions/git/dist/main.js:2:1016462)
	at async t.GitHistoryProvider.resolveHEADMergeBase (/usr/lib/code-server/lib/vscode/extensions/git/dist/main.js:2:945925)
	at async t.GitHistoryProvider.onDidRunGitStatus (/usr/lib/code-server/lib/vscode/extensions/git/dist/main.js:2:940157)
2024-11-13 08:56:59.900 [error] Error: No such branch: main.
	at F.getBranch (/usr/lib/code-server/lib/vscode/extensions/git/dist/main.js:2:935457)
	at process.processTicksAndRejections (node:internal/process/task_queues:95:5)
	at async T.retryRun (/usr/lib/code-server/lib/vscode/extensions/git/dist/main.js:2:1028191)
	at async T.run (/usr/lib/code-server/lib/vscode/extensions/git/dist/main.js:2:1027795)
	at async T.getBranch (/usr/lib/code-server/lib/vscode/extensions/git/dist/main.js:2:1016176)
	at async T.getBranchBase (/usr/lib/code-server/lib/vscode/extensions/git/dist/main.js:2:1016462)
	at async t.GitHistoryProvider.resolveHEADMergeBase (/usr/lib/code-server/lib/vscode/extensions/git/dist/main.js:2:945925)
	at async t.GitHistoryProvider.onDidRunGitStatus (/usr/lib/code-server/lib/vscode/extensions/git/dist/main.js:2:940157)
2024-11-13 08:57:04.962 [error] Error: No such branch: main.
	at F.getBranch (/usr/lib/code-server/lib/vscode/extensions/git/dist/main.js:2:935457)
	at process.processTicksAndRejections (node:internal/process/task_queues:95:5)
	at async T.retryRun (/usr/lib/code-server/lib/vscode/extensions/git/dist/main.js:2:1028191)
	at async T.run (/usr/lib/code-server/lib/vscode/extensions/git/dist/main.js:2:1027795)
	at async T.getBranch (/usr/lib/code-server/lib/vscode/extensions/git/dist/main.js:2:1016176)
	at async T.getBranchBase (/usr/lib/code-server/lib/vscode/extensions/git/dist/main.js:2:1016462)
	at async t.GitHistoryProvider.resolveHEADMergeBase (/usr/lib/code-server/lib/vscode/extensions/git/dist/main.js:2:945925)
	at async t.GitHistoryProvider.onDidRunGitStatus (/usr/lib/code-server/lib/vscode/extensions/git/dist/main.js:2:940157)
2024-11-13 08:57:10.016 [error] Error: No such branch: main.
	at F.getBranch (/usr/lib/code-server/lib/vscode/extensions/git/dist/main.js:2:935457)
	at process.processTicksAndRejections (node:internal/process/task_queues:95:5)
	at async T.retryRun (/usr/lib/code-server/lib/vscode/extensions/git/dist/main.js:2:1028191)
	at async T.run (/usr/lib/code-server/lib/vscode/extensions/git/dist/main.js:2:1027795)
	at async T.getBranch (/usr/lib/code-server/lib/vscode/extensions/git/dist/main.js:2:1016176)
	at async T.getBranchBase (/usr/lib/code-server/lib/vscode/extensions/git/dist/main.js:2:1016462)
	at async t.GitHistoryProvider.resolveHEADMergeBase (/usr/lib/code-server/lib/vscode/extensions/git/dist/main.js:2:945925)
	at async t.GitHistoryProvider.onDidRunGitStatus (/usr/lib/code-server/lib/vscode/extensions/git/dist/main.js:2:940157)
2024-11-13 08:57:15.067 [error] Error: No such branch: main.
	at F.getBranch (/usr/lib/code-server/lib/vscode/extensions/git/dist/main.js:2:935457)
	at process.processTicksAndRejections (node:internal/process/task_queues:95:5)
	at async T.retryRun (/usr/lib/code-server/lib/vscode/extensions/git/dist/main.js:2:1028191)
	at async T.run (/usr/lib/code-server/lib/vscode/extensions/git/dist/main.js:2:1027795)
	at async T.getBranch (/usr/lib/code-server/lib/vscode/extensions/git/dist/main.js:2:1016176)
	at async T.getBranchBase (/usr/lib/code-server/lib/vscode/extensions/git/dist/main.js:2:1016462)
	at async t.GitHistoryProvider.resolveHEADMergeBase (/usr/lib/code-server/lib/vscode/extensions/git/dist/main.js:2:945925)
	at async t.GitHistoryProvider.onDidRunGitStatus (/usr/lib/code-server/lib/vscode/extensions/git/dist/main.js:2:940157)
2024-11-13 08:57:20.158 [error] Error: No such branch: main.
	at F.getBranch (/usr/lib/code-server/lib/vscode/extensions/git/dist/main.js:2:935457)
	at process.processTicksAndRejections (node:internal/process/task_queues:95:5)
	at async T.retryRun (/usr/lib/code-server/lib/vscode/extensions/git/dist/main.js:2:1028191)
	at async T.run (/usr/lib/code-server/lib/vscode/extensions/git/dist/main.js:2:1027795)
	at async T.getBranch (/usr/lib/code-server/lib/vscode/extensions/git/dist/main.js:2:1016176)
	at async T.getBranchBase (/usr/lib/code-server/lib/vscode/extensions/git/dist/main.js:2:1016462)
	at async t.GitHistoryProvider.resolveHEADMergeBase (/usr/lib/code-server/lib/vscode/extensions/git/dist/main.js:2:945925)
	at async t.GitHistoryProvider.onDidRunGitStatus (/usr/lib/code-server/lib/vscode/extensions/git/dist/main.js:2:940157)
2024-11-13 08:57:57.866 [error] Error: No such branch: main.
	at F.getBranch (/usr/lib/code-server/lib/vscode/extensions/git/dist/main.js:2:935457)
	at process.processTicksAndRejections (node:internal/process/task_queues:95:5)
	at async T.retryRun (/usr/lib/code-server/lib/vscode/extensions/git/dist/main.js:2:1028191)
	at async T.run (/usr/lib/code-server/lib/vscode/extensions/git/dist/main.js:2:1027795)
	at async T.getBranch (/usr/lib/code-server/lib/vscode/extensions/git/dist/main.js:2:1016176)
	at async T.getBranchBase (/usr/lib/code-server/lib/vscode/extensions/git/dist/main.js:2:1016462)
	at async t.GitHistoryProvider.resolveHEADMergeBase (/usr/lib/code-server/lib/vscode/extensions/git/dist/main.js:2:945925)
	at async t.GitHistoryProvider.onDidRunGitStatus (/usr/lib/code-server/lib/vscode/extensions/git/dist/main.js:2:940157)
2024-11-13 08:58:02.943 [error] Error: No such branch: main.
	at F.getBranch (/usr/lib/code-server/lib/vscode/extensions/git/dist/main.js:2:935457)
	at process.processTicksAndRejections (node:internal/process/task_queues:95:5)
	at async T.retryRun (/usr/lib/code-server/lib/vscode/extensions/git/dist/main.js:2:1028191)
	at async T.run (/usr/lib/code-server/lib/vscode/extensions/git/dist/main.js:2:1027795)
	at async T.getBranch (/usr/lib/code-server/lib/vscode/extensions/git/dist/main.js:2:1016176)
	at async T.getBranchBase (/usr/lib/code-server/lib/vscode/extensions/git/dist/main.js:2:1016462)
	at async t.GitHistoryProvider.resolveHEADMergeBase (/usr/lib/code-server/lib/vscode/extensions/git/dist/main.js:2:945925)
	at async t.GitHistoryProvider.onDidRunGitStatus (/usr/lib/code-server/lib/vscode/extensions/git/dist/main.js:2:940157)
2024-11-13 08:58:08.020 [error] Error: No such branch: main.
	at F.getBranch (/usr/lib/code-server/lib/vscode/extensions/git/dist/main.js:2:935457)
	at process.processTicksAndRejections (node:internal/process/task_queues:95:5)
	at async T.retryRun (/usr/lib/code-server/lib/vscode/extensions/git/dist/main.js:2:1028191)
	at async T.run (/usr/lib/code-server/lib/vscode/extensions/git/dist/main.js:2:1027795)
	at async T.getBranch (/usr/lib/code-server/lib/vscode/extensions/git/dist/main.js:2:1016176)
	at async T.getBranchBase (/usr/lib/code-server/lib/vscode/extensions/git/dist/main.js:2:1016462)
	at async t.GitHistoryProvider.resolveHEADMergeBase (/usr/lib/code-server/lib/vscode/extensions/git/dist/main.js:2:945925)
	at async t.GitHistoryProvider.onDidRunGitStatus (/usr/lib/code-server/lib/vscode/extensions/git/dist/main.js:2:940157)
2024-11-13 08:58:13.102 [error] Error: No such branch: main.
	at F.getBranch (/usr/lib/code-server/lib/vscode/extensions/git/dist/main.js:2:935457)
	at process.processTicksAndRejections (node:internal/process/task_queues:95:5)
	at async T.retryRun (/usr/lib/code-server/lib/vscode/extensions/git/dist/main.js:2:1028191)
	at async T.run (/usr/lib/code-server/lib/vscode/extensions/git/dist/main.js:2:1027795)
	at async T.getBranch (/usr/lib/code-server/lib/vscode/extensions/git/dist/main.js:2:1016176)
	at async T.getBranchBase (/usr/lib/code-server/lib/vscode/extensions/git/dist/main.js:2:1016462)
	at async t.GitHistoryProvider.resolveHEADMergeBase (/usr/lib/code-server/lib/vscode/extensions/git/dist/main.js:2:945925)
	at async t.GitHistoryProvider.onDidRunGitStatus (/usr/lib/code-server/lib/vscode/extensions/git/dist/main.js:2:940157)
2024-11-13 08:58:18.159 [error] Error: No such branch: main.
	at F.getBranch (/usr/lib/code-server/lib/vscode/extensions/git/dist/main.js:2:935457)
	at process.processTicksAndRejections (node:internal/process/task_queues:95:5)
	at async T.retryRun (/usr/lib/code-server/lib/vscode/extensions/git/dist/main.js:2:1028191)
	at async T.run (/usr/lib/code-server/lib/vscode/extensions/git/dist/main.js:2:1027795)
	at async T.getBranch (/usr/lib/code-server/lib/vscode/extensions/git/dist/main.js:2:1016176)
	at async T.getBranchBase (/usr/lib/code-server/lib/vscode/extensions/git/dist/main.js:2:1016462)
	at async t.GitHistoryProvider.resolveHEADMergeBase (/usr/lib/code-server/lib/vscode/extensions/git/dist/main.js:2:945925)
	at async t.GitHistoryProvider.onDidRunGitStatus (/usr/lib/code-server/lib/vscode/extensions/git/dist/main.js:2:940157)
2024-11-13 08:58:23.241 [error] Error: No such branch: main.
	at F.getBranch (/usr/lib/code-server/lib/vscode/extensions/git/dist/main.js:2:935457)
	at process.processTicksAndRejections (node:internal/process/task_queues:95:5)
	at async T.retryRun (/usr/lib/code-server/lib/vscode/extensions/git/dist/main.js:2:1028191)
	at async T.run (/usr/lib/code-server/lib/vscode/extensions/git/dist/main.js:2:1027795)
	at async T.getBranch (/usr/lib/code-server/lib/vscode/extensions/git/dist/main.js:2:1016176)
	at async T.getBranchBase (/usr/lib/code-server/lib/vscode/extensions/git/dist/main.js:2:1016462)
	at async t.GitHistoryProvider.resolveHEADMergeBase (/usr/lib/code-server/lib/vscode/extensions/git/dist/main.js:2:945925)
	at async t.GitHistoryProvider.onDidRunGitStatus (/usr/lib/code-server/lib/vscode/extensions/git/dist/main.js:2:940157)
2024-11-13 08:58:28.301 [error] Error: No such branch: main.
	at F.getBranch (/usr/lib/code-server/lib/vscode/extensions/git/dist/main.js:2:935457)
	at process.processTicksAndRejections (node:internal/process/task_queues:95:5)
	at async T.retryRun (/usr/lib/code-server/lib/vscode/extensions/git/dist/main.js:2:1028191)
	at async T.run (/usr/lib/code-server/lib/vscode/extensions/git/dist/main.js:2:1027795)
	at async T.getBranch (/usr/lib/code-server/lib/vscode/extensions/git/dist/main.js:2:1016176)
	at async T.getBranchBase (/usr/lib/code-server/lib/vscode/extensions/git/dist/main.js:2:1016462)
	at async t.GitHistoryProvider.resolveHEADMergeBase (/usr/lib/code-server/lib/vscode/extensions/git/dist/main.js:2:945925)
	at async t.GitHistoryProvider.onDidRunGitStatus (/usr/lib/code-server/lib/vscode/extensions/git/dist/main.js:2:940157)
2024-11-13 08:58:33.413 [error] Error: No such branch: main.
	at F.getBranch (/usr/lib/code-server/lib/vscode/extensions/git/dist/main.js:2:935457)
	at process.processTicksAndRejections (node:internal/process/task_queues:95:5)
	at async T.retryRun (/usr/lib/code-server/lib/vscode/extensions/git/dist/main.js:2:1028191)
	at async T.run (/usr/lib/code-server/lib/vscode/extensions/git/dist/main.js:2:1027795)
	at async T.getBranch (/usr/lib/code-server/lib/vscode/extensions/git/dist/main.js:2:1016176)
	at async T.getBranchBase (/usr/lib/code-server/lib/vscode/extensions/git/dist/main.js:2:1016462)
	at async t.GitHistoryProvider.resolveHEADMergeBase (/usr/lib/code-server/lib/vscode/extensions/git/dist/main.js:2:945925)
	at async t.GitHistoryProvider.onDidRunGitStatus (/usr/lib/code-server/lib/vscode/extensions/git/dist/main.js:2:940157)
2024-11-13 08:58:38.470 [error] Error: No such branch: main.
	at F.getBranch (/usr/lib/code-server/lib/vscode/extensions/git/dist/main.js:2:935457)
	at process.processTicksAndRejections (node:internal/process/task_queues:95:5)
	at async T.retryRun (/usr/lib/code-server/lib/vscode/extensions/git/dist/main.js:2:1028191)
	at async T.run (/usr/lib/code-server/lib/vscode/extensions/git/dist/main.js:2:1027795)
	at async T.getBranch (/usr/lib/code-server/lib/vscode/extensions/git/dist/main.js:2:1016176)
	at async T.getBranchBase (/usr/lib/code-server/lib/vscode/extensions/git/dist/main.js:2:1016462)
	at async t.GitHistoryProvider.resolveHEADMergeBase (/usr/lib/code-server/lib/vscode/extensions/git/dist/main.js:2:945925)
	at async t.GitHistoryProvider.onDidRunGitStatus (/usr/lib/code-server/lib/vscode/extensions/git/dist/main.js:2:940157)
2024-11-13 08:58:43.534 [error] Error: No such branch: main.
	at F.getBranch (/usr/lib/code-server/lib/vscode/extensions/git/dist/main.js:2:935457)
	at process.processTicksAndRejections (node:internal/process/task_queues:95:5)
	at async T.retryRun (/usr/lib/code-server/lib/vscode/extensions/git/dist/main.js:2:1028191)
	at async T.run (/usr/lib/code-server/lib/vscode/extensions/git/dist/main.js:2:1027795)
	at async T.getBranch (/usr/lib/code-server/lib/vscode/extensions/git/dist/main.js:2:1016176)
	at async T.getBranchBase (/usr/lib/code-server/lib/vscode/extensions/git/dist/main.js:2:1016462)
	at async t.GitHistoryProvider.resolveHEADMergeBase (/usr/lib/code-server/lib/vscode/extensions/git/dist/main.js:2:945925)
	at async t.GitHistoryProvider.onDidRunGitStatus (/usr/lib/code-server/lib/vscode/extensions/git/dist/main.js:2:940157)
2024-11-13 08:58:48.685 [error] Error: No such branch: main.
	at F.getBranch (/usr/lib/code-server/lib/vscode/extensions/git/dist/main.js:2:935457)
	at process.processTicksAndRejections (node:internal/process/task_queues:95:5)
	at async T.retryRun (/usr/lib/code-server/lib/vscode/extensions/git/dist/main.js:2:1028191)
	at async T.run (/usr/lib/code-server/lib/vscode/extensions/git/dist/main.js:2:1027795)
	at async T.getBranch (/usr/lib/code-server/lib/vscode/extensions/git/dist/main.js:2:1016176)
	at async T.getBranchBase (/usr/lib/code-server/lib/vscode/extensions/git/dist/main.js:2:1016462)
	at async t.GitHistoryProvider.resolveHEADMergeBase (/usr/lib/code-server/lib/vscode/extensions/git/dist/main.js:2:945925)
	at async t.GitHistoryProvider.onDidRunGitStatus (/usr/lib/code-server/lib/vscode/extensions/git/dist/main.js:2:940157)
2024-11-13 08:58:56.375 [error] Error: No such branch: main.
	at F.getBranch (/usr/lib/code-server/lib/vscode/extensions/git/dist/main.js:2:935457)
	at process.processTicksAndRejections (node:internal/process/task_queues:95:5)
	at async T.retryRun (/usr/lib/code-server/lib/vscode/extensions/git/dist/main.js:2:1028191)
	at async T.run (/usr/lib/code-server/lib/vscode/extensions/git/dist/main.js:2:1027795)
	at async T.getBranch (/usr/lib/code-server/lib/vscode/extensions/git/dist/main.js:2:1016176)
	at async T.getBranchBase (/usr/lib/code-server/lib/vscode/extensions/git/dist/main.js:2:1016462)
	at async t.GitHistoryProvider.resolveHEADMergeBase (/usr/lib/code-server/lib/vscode/extensions/git/dist/main.js:2:945925)
	at async t.GitHistoryProvider.onDidRunGitStatus (/usr/lib/code-server/lib/vscode/extensions/git/dist/main.js:2:940157)
2024-11-13 08:59:01.438 [error] Error: No such branch: main.
	at F.getBranch (/usr/lib/code-server/lib/vscode/extensions/git/dist/main.js:2:935457)
	at process.processTicksAndRejections (node:internal/process/task_queues:95:5)
	at async T.retryRun (/usr/lib/code-server/lib/vscode/extensions/git/dist/main.js:2:1028191)
	at async T.run (/usr/lib/code-server/lib/vscode/extensions/git/dist/main.js:2:1027795)
	at async T.getBranch (/usr/lib/code-server/lib/vscode/extensions/git/dist/main.js:2:1016176)
	at async T.getBranchBase (/usr/lib/code-server/lib/vscode/extensions/git/dist/main.js:2:1016462)
	at async t.GitHistoryProvider.resolveHEADMergeBase (/usr/lib/code-server/lib/vscode/extensions/git/dist/main.js:2:945925)
	at async t.GitHistoryProvider.onDidRunGitStatus (/usr/lib/code-server/lib/vscode/extensions/git/dist/main.js:2:940157)
2024-11-13 08:59:06.521 [error] Error: No such branch: main.
	at F.getBranch (/usr/lib/code-server/lib/vscode/extensions/git/dist/main.js:2:935457)
	at process.processTicksAndRejections (node:internal/process/task_queues:95:5)
	at async T.retryRun (/usr/lib/code-server/lib/vscode/extensions/git/dist/main.js:2:1028191)
	at async T.run (/usr/lib/code-server/lib/vscode/extensions/git/dist/main.js:2:1027795)
	at async T.getBranch (/usr/lib/code-server/lib/vscode/extensions/git/dist/main.js:2:1016176)
	at async T.getBranchBase (/usr/lib/code-server/lib/vscode/extensions/git/dist/main.js:2:1016462)
	at async t.GitHistoryProvider.resolveHEADMergeBase (/usr/lib/code-server/lib/vscode/extensions/git/dist/main.js:2:945925)
	at async t.GitHistoryProvider.onDidRunGitStatus (/usr/lib/code-server/lib/vscode/extensions/git/dist/main.js:2:940157)
2024-11-13 08:59:11.603 [error] Error: No such branch: main.
	at F.getBranch (/usr/lib/code-server/lib/vscode/extensions/git/dist/main.js:2:935457)
	at process.processTicksAndRejections (node:internal/process/task_queues:95:5)
	at async T.retryRun (/usr/lib/code-server/lib/vscode/extensions/git/dist/main.js:2:1028191)
	at async T.run (/usr/lib/code-server/lib/vscode/extensions/git/dist/main.js:2:1027795)
	at async T.getBranch (/usr/lib/code-server/lib/vscode/extensions/git/dist/main.js:2:1016176)
	at async T.getBranchBase (/usr/lib/code-server/lib/vscode/extensions/git/dist/main.js:2:1016462)
	at async t.GitHistoryProvider.resolveHEADMergeBase (/usr/lib/code-server/lib/vscode/extensions/git/dist/main.js:2:945925)
	at async t.GitHistoryProvider.onDidRunGitStatus (/usr/lib/code-server/lib/vscode/extensions/git/dist/main.js:2:940157)
2024-11-13 08:59:54.487 [error] Error: No such branch: main.
	at F.getBranch (/usr/lib/code-server/lib/vscode/extensions/git/dist/main.js:2:935457)
	at process.processTicksAndRejections (node:internal/process/task_queues:95:5)
	at async T.retryRun (/usr/lib/code-server/lib/vscode/extensions/git/dist/main.js:2:1028191)
	at async T.run (/usr/lib/code-server/lib/vscode/extensions/git/dist/main.js:2:1027795)
	at async T.getBranch (/usr/lib/code-server/lib/vscode/extensions/git/dist/main.js:2:1016176)
	at async T.getBranchBase (/usr/lib/code-server/lib/vscode/extensions/git/dist/main.js:2:1016462)
	at async t.GitHistoryProvider.resolveHEADMergeBase (/usr/lib/code-server/lib/vscode/extensions/git/dist/main.js:2:945925)
	at async t.GitHistoryProvider.onDidRunGitStatus (/usr/lib/code-server/lib/vscode/extensions/git/dist/main.js:2:940157)
2024-11-13 09:00:14.478 [error] Error: No such branch: main.
	at F.getBranch (/usr/lib/code-server/lib/vscode/extensions/git/dist/main.js:2:935457)
	at process.processTicksAndRejections (node:internal/process/task_queues:95:5)
	at async T.retryRun (/usr/lib/code-server/lib/vscode/extensions/git/dist/main.js:2:1028191)
	at async T.run (/usr/lib/code-server/lib/vscode/extensions/git/dist/main.js:2:1027795)
	at async T.getBranch (/usr/lib/code-server/lib/vscode/extensions/git/dist/main.js:2:1016176)
	at async T.getBranchBase (/usr/lib/code-server/lib/vscode/extensions/git/dist/main.js:2:1016462)
	at async t.GitHistoryProvider.resolveHEADMergeBase (/usr/lib/code-server/lib/vscode/extensions/git/dist/main.js:2:945925)
	at async t.GitHistoryProvider.onDidRunGitStatus (/usr/lib/code-server/lib/vscode/extensions/git/dist/main.js:2:940157)
2024-11-13 09:00:22.377 [error] Error: No such branch: main.
	at F.getBranch (/usr/lib/code-server/lib/vscode/extensions/git/dist/main.js:2:935457)
	at process.processTicksAndRejections (node:internal/process/task_queues:95:5)
	at async T.retryRun (/usr/lib/code-server/lib/vscode/extensions/git/dist/main.js:2:1028191)
	at async T.run (/usr/lib/code-server/lib/vscode/extensions/git/dist/main.js:2:1027795)
	at async T.getBranch (/usr/lib/code-server/lib/vscode/extensions/git/dist/main.js:2:1016176)
	at async T.getBranchBase (/usr/lib/code-server/lib/vscode/extensions/git/dist/main.js:2:1016462)
	at async t.GitHistoryProvider.resolveHEADMergeBase (/usr/lib/code-server/lib/vscode/extensions/git/dist/main.js:2:945925)
	at async t.GitHistoryProvider.onDidRunGitStatus (/usr/lib/code-server/lib/vscode/extensions/git/dist/main.js:2:940157)
2024-11-13 09:00:27.745 [error] Error: No such branch: main.
	at F.getBranch (/usr/lib/code-server/lib/vscode/extensions/git/dist/main.js:2:935457)
	at process.processTicksAndRejections (node:internal/process/task_queues:95:5)
	at async T.retryRun (/usr/lib/code-server/lib/vscode/extensions/git/dist/main.js:2:1028191)
	at async T.run (/usr/lib/code-server/lib/vscode/extensions/git/dist/main.js:2:1027795)
	at async T.getBranch (/usr/lib/code-server/lib/vscode/extensions/git/dist/main.js:2:1016176)
	at async T.getBranchBase (/usr/lib/code-server/lib/vscode/extensions/git/dist/main.js:2:1016462)
	at async t.GitHistoryProvider.resolveHEADMergeBase (/usr/lib/code-server/lib/vscode/extensions/git/dist/main.js:2:945925)
	at async t.GitHistoryProvider.onDidRunGitStatus (/usr/lib/code-server/lib/vscode/extensions/git/dist/main.js:2:940157)
2024-11-13 09:00:35.247 [error] Error: No such branch: main.
	at F.getBranch (/usr/lib/code-server/lib/vscode/extensions/git/dist/main.js:2:935457)
	at process.processTicksAndRejections (node:internal/process/task_queues:95:5)
	at async T.retryRun (/usr/lib/code-server/lib/vscode/extensions/git/dist/main.js:2:1028191)
	at async T.run (/usr/lib/code-server/lib/vscode/extensions/git/dist/main.js:2:1027795)
	at async T.getBranch (/usr/lib/code-server/lib/vscode/extensions/git/dist/main.js:2:1016176)
	at async T.getBranchBase (/usr/lib/code-server/lib/vscode/extensions/git/dist/main.js:2:1016462)
	at async t.GitHistoryProvider.resolveHEADMergeBase (/usr/lib/code-server/lib/vscode/extensions/git/dist/main.js:2:945925)
	at async t.GitHistoryProvider.onDidRunGitStatus (/usr/lib/code-server/lib/vscode/extensions/git/dist/main.js:2:940157)
2024-11-13 09:00:36.407 [info] ExtensionService#_doActivateExtension vscode.github-authentication, startup: false, activationEvent: 'onAuthenticationRequest:github'
